#
# There is insufficient memory for the Java Runtime Environment to continue.
# Native memory allocation (mmap) failed to map 257949696 bytes for G1 virtual space
# Possible reasons:
#   The system is out of physical RAM or swap space
#   The process is running with CompressedOops enabled, and the Java Heap may be blocking the growth of the native heap
# Possible solutions:
#   Reduce memory load on the system
#   Increase physical memory or swap space
#   Check if swap backing store is full
#   Decrease Java heap size (-Xmx/-Xms)
#   Decrease number of Java threads
#   Decrease Java thread stack sizes (-Xss)
#   Set larger code cache with -XX:ReservedCodeCacheSize=
#   JVM is running with Zero Based Compressed Oops mode in which the Java heap is
#     placed in the first 32GB address space. The Java Heap base address is the
#     maximum limit for the native heap growth. Please use -XX:HeapBaseMinAddress
#     to set the Java Heap base and to place the Java Heap above 32GB virtual address.
# This output file may be truncated or incomplete.
#
#  Out of Memory Error (os_windows.cpp:3771), pid=24852, tid=20288
#
# JRE version:  (17.0.7+10) (build )
# Java VM: OpenJDK 64-Bit Server VM (17.0.7+10-b829.16, mixed mode, sharing, tiered, compressed oops, compressed class ptrs, g1 gc, windows-amd64)
# No core dump will be written. Minidumps are not enabled by default on client versions of Windows
#

---------------  S U M M A R Y ------------

Command Line: git4idea.http.GitAskPassApp Username for 'https://github.com': 

Host: AMD Ryzen 5 4600H with Radeon Graphics         , 12 cores, 15G,  Windows 10 , 64 bit Build 19041 (10.0.19041.3636)
Time: Sat Feb 10 05:09:58 2024 RTZ 2 (s 10 , 64 bit Build 19041 (10.0.19041.3636) elapsed time: 0.008383 seconds (0d 0h 0m 0s)

---------------  T H R E A D  ---------------

Current thread (0x000001c50e0f3790):  JavaThread "Unknown thread" [_thread_in_vm, id=20288, stack(0x0000001e10f00000,0x0000001e11000000)]

Stack: [0x0000001e10f00000,0x0000001e11000000]
Native frames: (J=compiled Java code, j=interpreted, Vv=VM code, C=native code)
V  [jvm.dll+0x683cca]
V  [jvm.dll+0x8424b4]
V  [jvm.dll+0x843cae]
V  [jvm.dll+0x844313]
V  [jvm.dll+0x24ad2f]
V  [jvm.dll+0x680b99]
V  [jvm.dll+0x67526a]
V  [jvm.dll+0x30b3cb]
V  [jvm.dll+0x312876]
V  [jvm.dll+0x36221e]
V  [jvm.dll+0x36244f]
V  [jvm.dll+0x2e14a8]
V  [jvm.dll+0x2e2414]
V  [jvm.dll+0x814441]
V  [jvm.dll+0x36ffe1]
V  [jvm.dll+0x7f3a1c]
V  [jvm.dll+0x3f305f]
V  [jvm.dll+0x3f4b91]
C  [jli.dll+0x528f]
C  [ucrtbase.dll+0x21bb2]
C  [KERNEL32.DLL+0x17344]
C  [ntdll.dll+0x526b1]


---------------  P R O C E S S  ---------------

Threads class SMR info:
_java_thread_list=0x00007ffcfc07b098, length=0, elements={
}

Java Threads: ( => current thread )

Other Threads:
  0x000001c50e15bc50 GCTaskThread "GC Thread#0" [stack: 0x0000001e11000000,0x0000001e11100000] [id=22688]
  0x000001c50e16d0b0 ConcurrentGCThread "G1 Main Marker" [stack: 0x0000001e11100000,0x0000001e11200000] [id=30700]
  0x000001c50e16e9e0 ConcurrentGCThread "G1 Conc#0" [stack: 0x0000001e11200000,0x0000001e11300000] [id=17596]

[error occurred during error reporting (printing all threads), id 0xc0000005, EXCEPTION_ACCESS_VIOLATION (0xc0000005) at pc=0x00007ffcfb832087]

VM state: not at safepoint (not fully initialized)

VM Mutex/Monitor currently owned by a thread:  ([mutex/lock_event])
[0x000001c50c09dd90] Heap_lock - owner thread: 0x000001c50e0f3790

Heap address: 0x000000070a000000, size: 3936 MB, Compressed Oops mode: Zero based, Oop shift amount: 3

CDS archive(s) mapped at: [0x0000000000000000-0x0000000000000000-0x0000000000000000), size 0, SharedBaseAddress: 0x0000000800000000, ArchiveRelocationMode: 0.
Narrow klass base: 0x0000000000000000, Narrow klass shift: 0, Narrow klass range: 0x0

GC Precious Log:
<Empty>

Heap:
 garbage-first heap   total 0K, used 0K [0x000000070a000000, 0x0000000800000000)
  region size 2048K, 0 young (0K), 0 survivors (0K)

[error occurred during error reporting (printing heap information), id 0xc0000005, EXCEPTION_ACCESS_VIOLATION (0xc0000005) at pc=0x00007ffcfbc1df59]

GC Heap History (0 events):
No events

Dll operation events (1 events):
Event: 0.005 Loaded shared library C:\Program Files\JetBrains\IntelliJ IDEA Community Edition 2023.1.5\jbr\bin\java.dll

Deoptimization events (0 events):
No events

Classes unloaded (0 events):
No events

Classes redefined (0 events):
No events

Internal exceptions (0 events):
No events

VM Operations (0 events):
No events

Events (0 events):
No events


Dynamic libraries:
0x00007ff6adb90000 - 0x00007ff6adb9a000 	C:\Program Files\JetBrains\IntelliJ IDEA Community Edition 2023.1.5\jbr\bin\java.exe
0x00007ffd3f710000 - 0x00007ffd3f908000 	C:\WINDOWS\SYSTEM32\ntdll.dll
0x00007ffd3eb70000 - 0x00007ffd3ec2d000 	C:\WINDOWS\System32\KERNEL32.DLL
0x00007ffd3d1e0000 - 0x00007ffd3d4d6000 	C:\WINDOWS\System32\KERNELBASE.dll
0x00007ffd3cec0000 - 0x00007ffd3cfc0000 	C:\WINDOWS\System32\ucrtbase.dll
0x00007ffd34bd0000 - 0x00007ffd34be7000 	C:\Program Files\JetBrains\IntelliJ IDEA Community Edition 2023.1.5\jbr\bin\jli.dll
0x00007ffd1c200000 - 0x00007ffd1c21b000 	C:\Program Files\JetBrains\IntelliJ IDEA Community Edition 2023.1.5\jbr\bin\VCRUNTIME140.dll
0x00007ffd3e2e0000 - 0x00007ffd3e47e000 	C:\WINDOWS\System32\USER32.dll
0x00007ffd3ce90000 - 0x00007ffd3ceb2000 	C:\WINDOWS\System32\win32u.dll
0x00007ffd3e4b0000 - 0x00007ffd3e4dc000 	C:\WINDOWS\System32\GDI32.dll
0x00007ffd27950000 - 0x00007ffd27bea000 	C:\WINDOWS\WinSxS\amd64_microsoft.windows.common-controls_6595b64144ccf1df_6.0.19041.3636_none_60b6a03d71f818d5\COMCTL32.dll
0x00007ffd3cfc0000 - 0x00007ffd3d0da000 	C:\WINDOWS\System32\gdi32full.dll
0x00007ffd3d640000 - 0x00007ffd3d6dd000 	C:\WINDOWS\System32\msvcp_win.dll
0x00007ffd3d760000 - 0x00007ffd3d7fe000 	C:\WINDOWS\System32\msvcrt.dll
0x00007ffd3e480000 - 0x00007ffd3e4b0000 	C:\WINDOWS\System32\IMM32.DLL
0x00007ffd329b0000 - 0x00007ffd329bc000 	C:\Program Files\JetBrains\IntelliJ IDEA Community Edition 2023.1.5\jbr\bin\vcruntime140_1.dll
0x00007ffd0cfe0000 - 0x00007ffd0d06d000 	C:\Program Files\JetBrains\IntelliJ IDEA Community Edition 2023.1.5\jbr\bin\msvcp140.dll
0x00007ffcfb540000 - 0x00007ffcfc1ae000 	C:\Program Files\JetBrains\IntelliJ IDEA Community Edition 2023.1.5\jbr\bin\server\jvm.dll
0x00007ffd3d800000 - 0x00007ffd3d8b3000 	C:\WINDOWS\System32\ADVAPI32.dll
0x00007ffd3f530000 - 0x00007ffd3f5cf000 	C:\WINDOWS\System32\sechost.dll
0x00007ffd3dda0000 - 0x00007ffd3dec6000 	C:\WINDOWS\System32\RPCRT4.dll
0x00007ffd3d6e0000 - 0x00007ffd3d707000 	C:\WINDOWS\System32\bcrypt.dll
0x00007ffd33120000 - 0x00007ffd33147000 	C:\WINDOWS\SYSTEM32\WINMM.dll
0x00007ffd36c30000 - 0x00007ffd36c39000 	C:\WINDOWS\SYSTEM32\WSOCK32.dll
0x00007ffd33150000 - 0x00007ffd3315a000 	C:\WINDOWS\SYSTEM32\VERSION.dll
0x00007ffd3ec90000 - 0x00007ffd3ecfb000 	C:\WINDOWS\System32\WS2_32.dll
0x00007ffd3b5e0000 - 0x00007ffd3b5f2000 	C:\WINDOWS\SYSTEM32\kernel.appcore.dll
0x00007ffd36c00000 - 0x00007ffd36c0a000 	C:\Program Files\JetBrains\IntelliJ IDEA Community Edition 2023.1.5\jbr\bin\jimage.dll
0x00007ffd3b3c0000 - 0x00007ffd3b5a4000 	C:\WINDOWS\SYSTEM32\DBGHELP.DLL
0x00007ffd1c220000 - 0x00007ffd1c254000 	C:\WINDOWS\SYSTEM32\dbgcore.DLL
0x00007ffd3d0e0000 - 0x00007ffd3d162000 	C:\WINDOWS\System32\bcryptPrimitives.dll
0x00007ffd34cd0000 - 0x00007ffd34cf5000 	C:\Program Files\JetBrains\IntelliJ IDEA Community Edition 2023.1.5\jbr\bin\java.dll

dbghelp: loaded successfully - version: 4.0.5 - missing functions: none
symbol engine: initialized successfully - sym options: 0x614 - pdb path: .;C:\Program Files\JetBrains\IntelliJ IDEA Community Edition 2023.1.5\jbr\bin;C:\WINDOWS\SYSTEM32;C:\WINDOWS\WinSxS\amd64_microsoft.windows.common-controls_6595b64144ccf1df_6.0.19041.3636_none_60b6a03d71f818d5;C:\Program Files\JetBrains\IntelliJ IDEA Community Edition 2023.1.5\jbr\bin\server

VM Arguments:
java_command: git4idea.http.GitAskPassApp Username for 'https://github.com': 
java_class_path (initial): C:/Program Files/JetBrains/IntelliJ IDEA Community Edition 2023.1.5/plugins/vcs-git/lib/git4idea-rt.jar;C:/Program Files/JetBrains/IntelliJ IDEA Community Edition 2023.1.5/lib/externalProcess-rt.jar
Launcher Type: SUN_STANDARD

[Global flags]
     intx CICompilerCount                          = 4                                         {product} {ergonomic}
     uint ConcGCThreads                            = 3                                         {product} {ergonomic}
     uint G1ConcRefinementThreads                  = 10                                        {product} {ergonomic}
   size_t G1HeapRegionSize                         = 2097152                                   {product} {ergonomic}
    uintx GCDrainStackTargetSize                   = 64                                        {product} {ergonomic}
   size_t InitialHeapSize                          = 257949696                                 {product} {ergonomic}
   size_t MarkStackSize                            = 4194304                                   {product} {ergonomic}
   size_t MaxHeapSize                              = 4127195136                                {product} {ergonomic}
   size_t MinHeapDeltaBytes                        = 2097152                                   {product} {ergonomic}
   size_t MinHeapSize                              = 8388608                                   {product} {ergonomic}
    uintx NonNMethodCodeHeapSize                   = 5839372                                {pd product} {ergonomic}
    uintx NonProfiledCodeHeapSize                  = 122909434                              {pd product} {ergonomic}
    uintx ProfiledCodeHeapSize                     = 122909434                              {pd product} {ergonomic}
    uintx ReservedCodeCacheSize                    = 251658240                              {pd product} {ergonomic}
     bool SegmentedCodeCache                       = true                                      {product} {ergonomic}
   size_t SoftMaxHeapSize                          = 4127195136                             {manageable} {ergonomic}
     bool UseCompressedClassPointers               = true                           {product lp64_product} {ergonomic}
     bool UseCompressedOops                        = true                           {product lp64_product} {ergonomic}
     bool UseG1GC                                  = true                                      {product} {ergonomic}
     bool UseLargePagesIndividualAllocation        = false                                  {pd product} {ergonomic}

Logging:
Log output configuration:
 #0: stdout all=warning uptime,level,tags
 #1: stderr all=off uptime,level,tags

Environment Variables:
PATH=C:\Program Files\Git\mingw64\libexec\git-core;C:\Program Files\Git\mingw64\libexec\git-core;C:\Program Files\Git\mingw64\bin;C:\Program Files\Git\usr\bin;C:\Users\79776\bin;C:\WINDOWS\system32;C:\WINDOWS;C:\WINDOWS\System32\Wbem;C:\WINDOWS\System32\WindowsPowerShell\v1.0;C:\WINDOWS\System32\OpenSSH;C:\Program Files\Git\cmd;C:\Program Files\NVIDIA Corporation\NVIDIA NvDLISR;C:\Program Files (x86)\NVIDIA Corporation\PhysX\Common;C:\Users\79776\AppData\Local\Microsoft\WindowsApps;C:\Program Files\JetBrains\IntelliJ IDEA Community Edition 2022.1.4\bin;C:\Users\79776\AppData\Local\Programs\Microsoft VS Code\bin
USERNAME=User
DISPLAY=:0.0
LC_ALL=en_US.UTF-8
TERM=xterm-256color
TMPDIR=C:\Users\79776\AppData\Local\Temp
OS=Windows_NT
PROCESSOR_IDENTIFIER=AMD64 Family 23 Model 96 Stepping 1, AuthenticAMD
TMP=C:\Users\79776\AppData\Local\Temp
TEMP=C:\Users\79776\AppData\Local\Temp


JNI global refs:

[error occurred during error reporting (JNI global references), id 0xc0000005, EXCEPTION_ACCESS_VIOLATION (0xc0000005) at pc=0x00007ffcfb5f7fc0]


---------------  S Y S T E M  ---------------

OS:
 Windows 10 , 64 bit Build 19041 (10.0.19041.3636)
OS uptime: 7 days 15:07 hours
Hyper-V role detected

CPU: total 12 (initial active 12) (12 cores per cpu, 2 threads per core) family 23 model 96 stepping 1 microcode 0x0, cx8, cmov, fxsr, ht, mmx, 3dnowpref, sse, sse2, sse3, ssse3, sse4a, sse4.1, sse4.2, popcnt, lzcnt, tsc, tscinvbit, avx, avx2, aes, clmul, bmi1, bmi2, adx, sha, fma, vzeroupper, clflush, clflushopt, hv

Memory: 4k page, system-wide physical 15741M (2835M free)
TotalPageFile size 20741M (AvailPageFile size 237M)
current process WorkingSet (physical memory assigned to process): 10M, peak: 10M
current process commit charge ("private bytes"): 64M, peak: 310M

vm_info: OpenJDK 64-Bit Server VM (17.0.7+10-b829.16) for windows-amd64 JRE (17.0.7+10-b829.16), built on 2023-06-02 by "builduser" with MS VC++ 16.10 / 16.11 (VS2019)

END.
